<?xml version="1.0" encoding="UTF-8"?>
<!-- Generated by org.testng.reporters.JUnitXMLReporter -->
<testsuite ignored="0" hostname="suraj-pavilion" failures="0" tests="3" name="Test-1" time="56.764" errors="0" timestamp="2025-03-04T13:10:39 IST">
  <testcase classname="com.comcast.crm.orgTest.CreateOrganizationTest" name="createOrganizationTest" time="12.869"/>
  <testcase classname="com.comcast.crm.orgTest.CreateOrganizationTest" name="createOrganizationWithIndustryTest" time="11.453"/>
  <testcase classname="com.comcast.crm.orgTest.CreateOrganizationTest" name="createOrganizationWithPhoneNoTest" time="13.143"/>
</testsuite> <!-- Test-1 -->
