<?xml version="1.0" encoding="UTF-8"?>
<!-- Generated by org.testng.reporters.JUnitReportReporter -->
<testsuite hostname="suraj-pavilion" failures="0" tests="1" name="practice.test.Incognito2ParallelExecution" time="2.238" errors="0" timestamp="2025-03-05T17:15:40 IST" skipped="0">
  <testcase classname="practice.test.Incognito2ParallelExecution" name="incognitoMode" time="2.238"/>
</testsuite> <!-- practice.test.Incognito2ParallelExecution -->
