<?xml version="1.0" encoding="UTF-8"?>
<!-- Generated by org.testng.reporters.JUnitReportReporter -->
<testsuite hostname="suraj-pavilion" failures="0" tests="1" name="com.comcast.crm.productsTest.CreateProductsTest" time="20.830" errors="0" timestamp="2025-03-22T07:32:37 IST" skipped="0">
  <testcase classname="com.comcast.crm.productsTest.CreateProductsTest" name="createProductsWithVendorAndContactAndPurchaseOrderTest" time="20.830"/>
  <system-out>
    <![CDATA[=====Connect to DB and Report Config=====
=====Launch Browse=====
=====Login to Appl=====
=====Logout to Appl=====
=====Close Browser=====
=====Close DB, Report BackUp=====]]>
  </system-out>
</testsuite> <!-- com.comcast.crm.productsTest.CreateProductsTest -->
