<?xml version="1.0" encoding="UTF-8"?>
<!-- Generated by org.testng.reporters.JUnitReportReporter -->
<testsuite hostname="suraj-pavilion" failures="0" tests="4" name="practice.test.ParallelExecutionWithoutXMLFile" time="89.084" errors="0" timestamp="2025-02-17T11:06:12 IST" skipped="0">
  <testcase classname="practice.test.ParallelExecutionWithoutXMLFile" name="Parallel_Execution_Without_xmlFile" time="23.347"/>
  <testcase classname="practice.test.ParallelExecutionWithoutXMLFile" name="Parallel_Execution_Without_xmlFile" time="19.138"/>
  <testcase classname="practice.test.ParallelExecutionWithoutXMLFile" name="Parallel_Execution_Without_xmlFile" time="23.228"/>
  <testcase classname="practice.test.ParallelExecutionWithoutXMLFile" name="Parallel_Execution_Without_xmlFile" time="23.371"/>
</testsuite> <!-- practice.test.ParallelExecutionWithoutXMLFile -->
