<?xml version="1.0" encoding="UTF-8"?>
<!-- Generated by org.testng.reporters.JUnitReportReporter -->
<testsuite hostname="suraj-pavilion" failures="0" tests="3" name="practice.test.ParallelEexecution" time="148.420" errors="0" timestamp="2025-02-17T11:01:12 IST" skipped="0">
  <testcase classname="practice.test.ParallelEexecution" name="ParallelExecutionWithout" time="52.923"/>
  <testcase classname="practice.test.ParallelEexecution" name="ParallelExecutionWithout" time="42.560"/>
  <testcase classname="practice.test.ParallelEexecution" name="ParallelExecutionWithout" time="52.937"/>
</testsuite> <!-- practice.test.ParallelEexecution -->
