<?xml version="1.0" encoding="UTF-8"?>
<!-- Generated by org.testng.reporters.JUnitReportReporter -->
<testsuite hostname="suraj-pavilion" failures="0" tests="2" name="com.comcast.crm.contactTest.CreateContactTest" time="38.940" errors="0" timestamp="2025-03-04T12:42:19 IST" skipped="0">
  <testcase classname="com.comcast.crm.contactTest.CreateContactTest" name="createContactTest" time="14.511"/>
  <testcase classname="com.comcast.crm.contactTest.CreateContactTest" name="createContactWithOrgTest" time="24.429"/>
  <system-out>
    <![CDATA[=====Connect to DB and Report Config=====
=====Launch Browse=====
=====Login to Appl=====
=====Logout to Appl=====
=====Login to Appl=====
=====Logout to Appl=====
=====Close Browser=====
=====Launch Browse=====
=====Login to Appl=====
=====Logout to Appl=====
=====Close Browser=====
=====Launch Browse=====
=====Login to Appl=====
=====Logout to Appl=====
=====Close Browser=====
=====Close DB, Report BackUp=====]]>
  </system-out>
</testsuite> <!-- com.comcast.crm.contactTest.CreateContactTest -->
