<?xml version="1.0" encoding="UTF-8"?>
<!-- Generated by org.testng.reporters.JUnitReportReporter -->
<testsuite hostname="suraj-pavilion" failures="0" tests="2" name="com.comcast.crm.campaignTest.CreateCampaignTest" time="39.599" errors="0" timestamp="2025-03-04T12:56:52 IST" skipped="0">
  <testcase classname="com.comcast.crm.campaignTest.CreateCampaignTest" name="createCampaignWithProductTest" time="24.911"/>
  <testcase classname="com.comcast.crm.campaignTest.CreateCampaignTest" name="createCampaignTest" time="14.688"/>
  <system-out>
    <![CDATA[=====Connect to DB and Report Config=====
=====Launch Browse=====
=====Launch Browse=====
=====Login to Appl=====
=====Login to Appl=====
=====Logout to Appl=====
=====Login to Appl=====
=====Logout to Appl=====
=====Login to Appl=====
=====Logout to Appl=====
=====Close Browser=====
=====Launch Browse=====
=====Login to Appl=====
=====Logout to Appl=====
=====Login to Appl=====
=====Logout to Appl=====
=====Close Browser=====
=====Close DB, Report BackUp=====]]>
  </system-out>
</testsuite> <!-- com.comcast.crm.campaignTest.CreateCampaignTest -->
