<?xml version="1.0" encoding="UTF-8"?>
<!-- Generated by org.testng.reporters.JUnitReportReporter -->
<testsuite hostname="suraj-pavilion" failures="0" tests="1" name="com.comcast.crm.campaignTest.CreateCampaignTest" time="55.004" errors="0" timestamp="2025-02-26T05:27:23 IST" skipped="0">
  <testcase classname="com.comcast.crm.campaignTest.CreateCampaignTest" name="createCampaignWithProductTest" time="55.004"/>
  <system-out>
    <![CDATA[=====Connect to DB and Report Config=====
=====Launch Browse=====
=====Login to Appl=====
=====Logout to Appl=====
=====Close Browser=====
=====Close DB, Report BackUp=====]]>
  </system-out>
</testsuite> <!-- com.comcast.crm.campaignTest.CreateCampaignTest -->
