<?xml version="1.0" encoding="UTF-8"?>
<!-- Generated by org.testng.reporters.JUnitReportReporter -->
<testsuite hostname="suraj-pavilion" failures="0" tests="3" name="practice.test.GetProductInfo" time="29.949" errors="0" timestamp="2025-02-14T17:31:54 IST" skipped="0">
  <testcase classname="practice.test.GetProductInfo" name="getProductInfoTest" time="11.514"/>
  <testcase classname="practice.test.GetProductInfo" name="getProductInfoTest" time="9.441"/>
  <testcase classname="practice.test.GetProductInfo" name="getProductInfoTest" time="8.994"/>
</testsuite> <!-- practice.test.GetProductInfo -->
