<?xml version="1.0" encoding="UTF-8"?>
<!-- Generated by org.testng.reporters.JUnitReportReporter -->
<testsuite hostname="suraj-pavilion" failures="0" tests="1" name="practice.test.BrowserStackCodeTests" time="22.465" errors="0" timestamp="2025-03-14T15:07:30 IST" skipped="0">
  <testcase classname="practice.test.BrowserStackCodeTests" name="vTiger" time="22.465"/>
</testsuite> <!-- practice.test.BrowserStackCodeTests -->
