<?xml version="1.0" encoding="UTF-8"?>
<!-- Generated by org.testng.reporters.JUnitReportReporter -->
<testsuite hostname="suraj-pavilion" failures="0" tests="1" name="practice.test.ChromeFirefoxOptions" time="24.284" errors="0" timestamp="2025-03-05T17:13:17 IST" skipped="0">
  <testcase classname="practice.test.ChromeFirefoxOptions" name="fullPageScreenShot_Chrome" time="24.284"/>
</testsuite> <!-- practice.test.ChromeFirefoxOptions -->
