<?xml version="1.0" encoding="UTF-8"?>
<!-- Generated by org.testng.reporters.JUnitReportReporter -->
<testsuite hostname="suraj-pavilion" failures="0" tests="1" name="practice.test.Incognito1ParallelExecution" time="3.102" errors="0" timestamp="2025-03-05T17:15:40 IST" skipped="0">
  <testcase classname="practice.test.Incognito1ParallelExecution" name="incognitoMode" time="3.102"/>
</testsuite> <!-- practice.test.Incognito1ParallelExecution -->
