<?xml version="1.0" encoding="UTF-8"?>
<!-- Generated by org.testng.reporters.JUnitReportReporter -->
<testsuite hostname="suraj-pavilion" failures="0" tests="3" name="practice.test.DataProviderAnnotation" time="29.741" errors="0" timestamp="2025-02-24T22:22:28 IST" skipped="0">
  <testcase classname="practice.test.DataProviderAnnotation" name="getProductInfoTest" time="8.506"/>
  <testcase classname="practice.test.DataProviderAnnotation" name="getProductInfoTest" time="12.179"/>
  <testcase classname="practice.test.DataProviderAnnotation" name="getProductInfoTest" time="9.056"/>
</testsuite> <!-- practice.test.DataProviderAnnotation -->
