<?xml version="1.0" encoding="UTF-8"?>
<!-- Generated by org.testng.reporters.JUnitReportReporter -->
<testsuite hostname="suraj-pavilion" failures="0" tests="3" name="com.comcast.crm.orgTest.CreateOrganizationTest" time="53.619" errors="0" timestamp="2025-03-04T13:10:40 IST" skipped="0">
  <testcase classname="com.comcast.crm.orgTest.CreateOrganizationTest" name="createOrganizationWithIndustryTest" time="16.567"/>
  <testcase classname="com.comcast.crm.orgTest.CreateOrganizationTest" name="createOrganizationWithPhoneNoTest" time="17.545"/>
  <testcase classname="com.comcast.crm.orgTest.CreateOrganizationTest" name="createOrganizationTest" time="19.507"/>
  <system-out>
    <![CDATA[=====Connect to DB and Report Config=====
=====Launch Browse=====
=====Launch Browse=====
=====Login to Appl=====
=====Login to Appl=====
=====Logout to Appl=====
=====Login to Appl=====
=====Logout to Appl=====
=====Login to Appl=====
=====Logout to Appl=====
=====Close Browser=====
=====Close DB, Report BackUp=====]]>
  </system-out>
</testsuite> <!-- com.comcast.crm.orgTest.CreateOrganizationTest -->
