<?xml version="1.0" encoding="UTF-8"?>
<!-- Generated by org.testng.reporters.JUnitReportReporter -->
<testsuite hostname="suraj-pavilion" failures="0" tests="1" name="com.comcast.crm.leadsTest.CreateLeadTest" time="26.297" errors="0" timestamp="2025-03-12T12:49:20 IST" skipped="0">
  <testcase classname="com.comcast.crm.leadsTest.CreateLeadTest" name="CreateLeadConverToOpportunities" time="26.297"/>
  <system-out>
    <![CDATA[=====Connect to DB and Report Config=====
=====Launch Browse=====
=====Login to Appl=====
=====Logout to Appl=====
=====Close Browser=====
=====Close DB, Report BackUp=====]]>
  </system-out>
</testsuite> <!-- com.comcast.crm.leadsTest.CreateLeadTest -->
