<?xml version="1.0" encoding="UTF-8"?>
<!-- Generated by org.testng.reporters.JUnitReportReporter -->
<testsuite hostname="suraj-pavilion" failures="0" tests="3" name="com.comcast.crm.campaignTest.CampaignModuleTest" time="29.268" errors="0" timestamp="2025-03-24T10:42:48 IST" skipped="0">
  <testcase classname="com.comcast.crm.campaignTest.CampaignModuleTest" name="createCampaignTest" time="6.852"/>
  <testcase classname="com.comcast.crm.campaignTest.CampaignModuleTest" name="createProductWithCampaignAndEventTest" time="12.810"/>
  <testcase classname="com.comcast.crm.campaignTest.CampaignModuleTest" name="createCampaignWithProductTest" time="9.606"/>
  <system-out>
    <![CDATA[=====Connect to DB and Report Config=====
=====Launch Browse=====
=====Login to Appl=====
=====Logout to Appl=====
=====Login to Appl=====
=====Logout to Appl=====
=====Login to Appl=====
=====Logout to Appl=====
=====Close Browser=====
=====Close DB, Report BackUp=====]]>
  </system-out>
</testsuite> <!-- com.comcast.crm.campaignTest.CampaignModuleTest -->
