<?xml version="1.0" encoding="UTF-8"?>
<!-- Generated by org.testng.reporters.JUnitReportReporter -->
<testsuite hostname="suraj-pavilion" failures="0" tests="1" name="com.comcast.crm.vendorTest.CreateVendorTest" time="19.255" errors="0" timestamp="2025-03-15T14:19:11 IST" skipped="0">
  <testcase classname="com.comcast.crm.vendorTest.CreateVendorTest" name="createVendorTest" time="19.255"/>
  <system-out>
    <![CDATA[=====Connect to DB and Report Config=====
=====Launch Browse=====
=====Login to Appl=====
=====Logout to Appl=====
=====Close Browser=====
=====Close DB, Report BackUp=====]]>
  </system-out>
</testsuite> <!-- com.comcast.crm.vendorTest.CreateVendorTest -->
