<?xml version="1.0" encoding="UTF-8"?>
<!-- Generated by org.testng.reporters.JUnitReportReporter -->
<testsuite hostname="suraj-pavilion" failures="0" tests="1" name="com.comcast.crm.priceBooksTest.PriceBooksModuleTest" time="6.003" errors="0" timestamp="2025-03-24T10:19:42 IST" skipped="0">
  <testcase classname="com.comcast.crm.priceBooksTest.PriceBooksModuleTest" name="createVendorTest" time="6.003"/>
  <system-out>
    <![CDATA[=====Connect to DB and Report Config=====
=====Launch Browse=====
=====Login to Appl=====
=====Logout to Appl=====
=====Login to Appl=====
=====Logout to Appl=====
=====Close Browser=====
=====Launch Browse=====
=====Login to Appl=====
=====Logout to Appl=====
=====Login to Appl=====
=====Logout to Appl=====
=====Login to Appl=====
=====Logout to Appl=====
=====Close Browser=====
=====Launch Browse=====
=====Login to Appl=====
=====Logout to Appl=====
=====Login to Appl=====
=====Logout to Appl=====
=====Login to Appl=====
=====Logout to Appl=====
=====Close Browser=====
=====Launch Browse=====
=====Login to Appl=====
=====Logout to Appl=====
=====Login to Appl=====
=====Logout to Appl=====
=====Close Browser=====
=====Launch Browse=====
=====Login to Appl=====
=====Logout to Appl=====
=====Close Browser=====
=====Launch Browse=====
=====Login to Appl=====
=====Logout to Appl=====
=====Login to Appl=====
=====Logout to Appl=====
=====Close Browser=====
=====Launch Browse=====
=====Login to Appl=====
=====Logout to Appl=====
=====Close Browser=====
=====Launch Browse=====
=====Login to Appl=====
=====Logout to Appl=====
=====Close Browser=====
=====Close DB, Report BackUp=====]]>
  </system-out>
</testsuite> <!-- com.comcast.crm.priceBooksTest.PriceBooksModuleTest -->
